  main.cpp
C:\Users\nallagop\Desktop\Fall 2021\CS 550 Intro to Comp Graphics\ProjectMain\CGA Project1\CGA Project1\main.cpp(49,31): warning C4305: 'argument': truncation from 'double' to 'GLfloat'
C:\Users\nallagop\Desktop\Fall 2021\CS 550 Intro to Comp Graphics\ProjectMain\CGA Project1\CGA Project1\main.cpp(50,30): warning C4305: 'argument': truncation from 'double' to 'GLfloat'
C:\Users\nallagop\Desktop\Fall 2021\CS 550 Intro to Comp Graphics\ProjectMain\CGA Project1\CGA Project1\main.cpp(56,30): warning C4305: 'argument': truncation from 'double' to 'GLfloat'
C:\Users\nallagop\Desktop\Fall 2021\CS 550 Intro to Comp Graphics\ProjectMain\CGA Project1\CGA Project1\main.cpp(57,30): warning C4305: 'argument': truncation from 'double' to 'GLfloat'
C:\Users\nallagop\Desktop\Fall 2021\CS 550 Intro to Comp Graphics\ProjectMain\CGA Project1\CGA Project1\main.cpp(58,29): warning C4305: 'argument': truncation from 'double' to 'GLfloat'
C:\Users\nallagop\Desktop\Fall 2021\CS 550 Intro to Comp Graphics\ProjectMain\CGA Project1\CGA Project1\main.cpp(59,29): warning C4305: 'argument': truncation from 'double' to 'GLfloat'
C:\Users\nallagop\Desktop\Fall 2021\CS 550 Intro to Comp Graphics\ProjectMain\CGA Project1\CGA Project1\main.cpp(65,32): warning C4305: 'argument': truncation from 'double' to 'GLfloat'
C:\Users\nallagop\Desktop\Fall 2021\CS 550 Intro to Comp Graphics\ProjectMain\CGA Project1\CGA Project1\main.cpp(66,31): warning C4305: 'argument': truncation from 'double' to 'GLfloat'
C:\Users\nallagop\Desktop\Fall 2021\CS 550 Intro to Comp Graphics\ProjectMain\CGA Project1\CGA Project1\main.cpp(72,31): warning C4305: 'argument': truncation from 'double' to 'GLfloat'
C:\Users\nallagop\Desktop\Fall 2021\CS 550 Intro to Comp Graphics\ProjectMain\CGA Project1\CGA Project1\main.cpp(73,31): warning C4305: 'argument': truncation from 'double' to 'GLfloat'
C:\Users\nallagop\Desktop\Fall 2021\CS 550 Intro to Comp Graphics\ProjectMain\CGA Project1\CGA Project1\main.cpp(74,30): warning C4305: 'argument': truncation from 'double' to 'GLfloat'
C:\Users\nallagop\Desktop\Fall 2021\CS 550 Intro to Comp Graphics\ProjectMain\CGA Project1\CGA Project1\main.cpp(75,30): warning C4305: 'argument': truncation from 'double' to 'GLfloat'
C:\Users\nallagop\Desktop\Fall 2021\CS 550 Intro to Comp Graphics\ProjectMain\CGA Project1\CGA Project1\main.cpp(293,29): warning C4305: 'argument': truncation from 'double' to 'GLfloat'
C:\Users\nallagop\Desktop\Fall 2021\CS 550 Intro to Comp Graphics\ProjectMain\CGA Project1\CGA Project1\main.cpp(294,29): warning C4305: 'argument': truncation from 'double' to 'GLfloat'
C:\Users\nallagop\Desktop\Fall 2021\CS 550 Intro to Comp Graphics\ProjectMain\CGA Project1\CGA Project1\main.cpp(295,29): warning C4305: 'argument': truncation from 'double' to 'GLfloat'
C:\Users\nallagop\Desktop\Fall 2021\CS 550 Intro to Comp Graphics\ProjectMain\CGA Project1\CGA Project1\main.cpp(296,29): warning C4305: 'argument': truncation from 'double' to 'GLfloat'
C:\Users\nallagop\Desktop\Fall 2021\CS 550 Intro to Comp Graphics\ProjectMain\CGA Project1\CGA Project1\main.cpp(297,29): warning C4305: 'argument': truncation from 'double' to 'GLfloat'
C:\Users\nallagop\Desktop\Fall 2021\CS 550 Intro to Comp Graphics\ProjectMain\CGA Project1\CGA Project1\main.cpp(302,32): warning C4305: 'argument': truncation from 'double' to 'GLfloat'
C:\Users\nallagop\Desktop\Fall 2021\CS 550 Intro to Comp Graphics\ProjectMain\CGA Project1\CGA Project1\main.cpp(303,32): warning C4305: 'argument': truncation from 'double' to 'GLfloat'
C:\Users\nallagop\Desktop\Fall 2021\CS 550 Intro to Comp Graphics\ProjectMain\CGA Project1\CGA Project1\main.cpp(304,32): warning C4305: 'argument': truncation from 'double' to 'GLfloat'
C:\Users\nallagop\Desktop\Fall 2021\CS 550 Intro to Comp Graphics\ProjectMain\CGA Project1\CGA Project1\main.cpp(305,32): warning C4305: 'argument': truncation from 'double' to 'GLfloat'
C:\Users\nallagop\Desktop\Fall 2021\CS 550 Intro to Comp Graphics\ProjectMain\CGA Project1\CGA Project1\main.cpp(306,32): warning C4305: 'argument': truncation from 'double' to 'GLfloat'
C:\Users\nallagop\Desktop\Fall 2021\CS 550 Intro to Comp Graphics\ProjectMain\CGA Project1\CGA Project1\main.cpp(311,30): warning C4305: 'argument': truncation from 'double' to 'GLfloat'
C:\Users\nallagop\Desktop\Fall 2021\CS 550 Intro to Comp Graphics\ProjectMain\CGA Project1\CGA Project1\main.cpp(312,30): warning C4305: 'argument': truncation from 'double' to 'GLfloat'
C:\Users\nallagop\Desktop\Fall 2021\CS 550 Intro to Comp Graphics\ProjectMain\CGA Project1\CGA Project1\main.cpp(313,30): warning C4305: 'argument': truncation from 'double' to 'GLfloat'
C:\Users\nallagop\Desktop\Fall 2021\CS 550 Intro to Comp Graphics\ProjectMain\CGA Project1\CGA Project1\main.cpp(314,30): warning C4305: 'argument': truncation from 'double' to 'GLfloat'
C:\Users\nallagop\Desktop\Fall 2021\CS 550 Intro to Comp Graphics\ProjectMain\CGA Project1\CGA Project1\main.cpp(315,30): warning C4305: 'argument': truncation from 'double' to 'GLfloat'
C:\Users\nallagop\Desktop\Fall 2021\CS 550 Intro to Comp Graphics\ProjectMain\CGA Project1\CGA Project1\main.cpp(320,30): warning C4305: 'argument': truncation from 'double' to 'GLfloat'
C:\Users\nallagop\Desktop\Fall 2021\CS 550 Intro to Comp Graphics\ProjectMain\CGA Project1\CGA Project1\main.cpp(321,30): warning C4305: 'argument': truncation from 'double' to 'GLfloat'
C:\Users\nallagop\Desktop\Fall 2021\CS 550 Intro to Comp Graphics\ProjectMain\CGA Project1\CGA Project1\main.cpp(322,30): warning C4305: 'argument': truncation from 'double' to 'GLfloat'
C:\Users\nallagop\Desktop\Fall 2021\CS 550 Intro to Comp Graphics\ProjectMain\CGA Project1\CGA Project1\main.cpp(323,30): warning C4305: 'argument': truncation from 'double' to 'GLfloat'
C:\Users\nallagop\Desktop\Fall 2021\CS 550 Intro to Comp Graphics\ProjectMain\CGA Project1\CGA Project1\main.cpp(324,30): warning C4305: 'argument': truncation from 'double' to 'GLfloat'
C:\Users\nallagop\Desktop\Fall 2021\CS 550 Intro to Comp Graphics\ProjectMain\CGA Project1\CGA Project1\main.cpp(329,30): warning C4305: 'argument': truncation from 'double' to 'GLfloat'
C:\Users\nallagop\Desktop\Fall 2021\CS 550 Intro to Comp Graphics\ProjectMain\CGA Project1\CGA Project1\main.cpp(330,30): warning C4305: 'argument': truncation from 'double' to 'GLfloat'
C:\Users\nallagop\Desktop\Fall 2021\CS 550 Intro to Comp Graphics\ProjectMain\CGA Project1\CGA Project1\main.cpp(331,30): warning C4305: 'argument': truncation from 'double' to 'GLfloat'
C:\Users\nallagop\Desktop\Fall 2021\CS 550 Intro to Comp Graphics\ProjectMain\CGA Project1\CGA Project1\main.cpp(332,30): warning C4305: 'argument': truncation from 'double' to 'GLfloat'
C:\Users\nallagop\Desktop\Fall 2021\CS 550 Intro to Comp Graphics\ProjectMain\CGA Project1\CGA Project1\main.cpp(333,30): warning C4305: 'argument': truncation from 'double' to 'GLfloat'
C:\Users\nallagop\Desktop\Fall 2021\CS 550 Intro to Comp Graphics\ProjectMain\CGA Project1\CGA Project1\main.cpp(338,31): warning C4305: 'argument': truncation from 'double' to 'GLfloat'
C:\Users\nallagop\Desktop\Fall 2021\CS 550 Intro to Comp Graphics\ProjectMain\CGA Project1\CGA Project1\main.cpp(339,31): warning C4305: 'argument': truncation from 'double' to 'GLfloat'
C:\Users\nallagop\Desktop\Fall 2021\CS 550 Intro to Comp Graphics\ProjectMain\CGA Project1\CGA Project1\main.cpp(340,31): warning C4305: 'argument': truncation from 'double' to 'GLfloat'
C:\Users\nallagop\Desktop\Fall 2021\CS 550 Intro to Comp Graphics\ProjectMain\CGA Project1\CGA Project1\main.cpp(341,31): warning C4305: 'argument': truncation from 'double' to 'GLfloat'
C:\Users\nallagop\Desktop\Fall 2021\CS 550 Intro to Comp Graphics\ProjectMain\CGA Project1\CGA Project1\main.cpp(342,31): warning C4305: 'argument': truncation from 'double' to 'GLfloat'
C:\Users\nallagop\Desktop\Fall 2021\CS 550 Intro to Comp Graphics\ProjectMain\CGA Project1\CGA Project1\main.cpp(347,31): warning C4305: 'argument': truncation from 'double' to 'GLfloat'
C:\Users\nallagop\Desktop\Fall 2021\CS 550 Intro to Comp Graphics\ProjectMain\CGA Project1\CGA Project1\main.cpp(348,31): warning C4305: 'argument': truncation from 'double' to 'GLfloat'
C:\Users\nallagop\Desktop\Fall 2021\CS 550 Intro to Comp Graphics\ProjectMain\CGA Project1\CGA Project1\main.cpp(349,31): warning C4305: 'argument': truncation from 'double' to 'GLfloat'
C:\Users\nallagop\Desktop\Fall 2021\CS 550 Intro to Comp Graphics\ProjectMain\CGA Project1\CGA Project1\main.cpp(350,31): warning C4305: 'argument': truncation from 'double' to 'GLfloat'
C:\Users\nallagop\Desktop\Fall 2021\CS 550 Intro to Comp Graphics\ProjectMain\CGA Project1\CGA Project1\main.cpp(351,31): warning C4305: 'argument': truncation from 'double' to 'GLfloat'
C:\Users\nallagop\Desktop\Fall 2021\CS 550 Intro to Comp Graphics\ProjectMain\CGA Project1\CGA Project1\main.cpp(356,31): warning C4305: 'argument': truncation from 'double' to 'GLfloat'
C:\Users\nallagop\Desktop\Fall 2021\CS 550 Intro to Comp Graphics\ProjectMain\CGA Project1\CGA Project1\main.cpp(357,31): warning C4305: 'argument': truncation from 'double' to 'GLfloat'
C:\Users\nallagop\Desktop\Fall 2021\CS 550 Intro to Comp Graphics\ProjectMain\CGA Project1\CGA Project1\main.cpp(358,31): warning C4305: 'argument': truncation from 'double' to 'GLfloat'
C:\Users\nallagop\Desktop\Fall 2021\CS 550 Intro to Comp Graphics\ProjectMain\CGA Project1\CGA Project1\main.cpp(359,31): warning C4305: 'argument': truncation from 'double' to 'GLfloat'
C:\Users\nallagop\Desktop\Fall 2021\CS 550 Intro to Comp Graphics\ProjectMain\CGA Project1\CGA Project1\main.cpp(360,31): warning C4305: 'argument': truncation from 'double' to 'GLfloat'
C:\Users\nallagop\Desktop\Fall 2021\CS 550 Intro to Comp Graphics\ProjectMain\CGA Project1\CGA Project1\main.cpp(385,17): warning C4305: '+=': truncation from 'double' to 'float'
C:\Users\nallagop\Desktop\Fall 2021\CS 550 Intro to Comp Graphics\ProjectMain\CGA Project1\CGA Project1\main.cpp(387,23): warning C4244: '=': conversion from 'double' to 'float', possible loss of data
  CGA Project1.vcxproj -> C:\Users\nallagop\Desktop\Fall 2021\CS 550 Intro to Comp Graphics\ProjectMain\CGA Project1\Debug\CGA Project1.exe
